{"/Users/Rob/Desktop/Rob/FAC/Week 4/tdd-dictionary/main2.js":{"path":"/Users/Rob/Desktop/Rob/FAC/Week 4/tdd-dictionary/main2.js","s":{"1":1,"2":1,"3":1,"4":1,"5":1,"6":1,"7":1,"8":1,"9":1,"10":1,"11":1,"12":1,"13":1,"14":1,"15":5,"16":1,"17":1},"b":{},"f":{"1":1,"2":1,"3":1},"fnMap":{"1":{"name":"printApi","line":4,"loc":{"start":{"line":4,"column":0},"end":{"line":4,"column":20}}},"2":{"name":"wordImporter","line":7,"loc":{"start":{"line":7,"column":0},"end":{"line":7,"column":29}}},"3":{"name":"arrayMaker","line":13,"loc":{"start":{"line":13,"column":0},"end":{"line":13,"column":27}}}},"statementMap":{"1":{"start":{"line":1,"column":0},"end":{"line":1,"column":23}},"2":{"start":{"line":2,"column":0},"end":{"line":2,"column":30}},"3":{"start":{"line":4,"column":0},"end":{"line":6,"column":1}},"4":{"start":{"line":5,"column":3},"end":{"line":5,"column":29}},"5":{"start":{"line":7,"column":0},"end":{"line":11,"column":1}},"6":{"start":{"line":8,"column":2},"end":{"line":8,"column":43}},"7":{"start":{"line":9,"column":2},"end":{"line":9,"column":50}},"8":{"start":{"line":10,"column":2},"end":{"line":10,"column":37}},"9":{"start":{"line":13,"column":0},"end":{"line":22,"column":1}},"10":{"start":{"line":14,"column":3},"end":{"line":14,"column":44}},"11":{"start":{"line":15,"column":3},"end":{"line":15,"column":51}},"12":{"start":{"line":16,"column":3},"end":{"line":16,"column":50}},"13":{"start":{"line":17,"column":3},"end":{"line":17,"column":18}},"14":{"start":{"line":18,"column":3},"end":{"line":20,"column":4}},"15":{"start":{"line":19,"column":6},"end":{"line":19,"column":40}},"16":{"start":{"line":21,"column":3},"end":{"line":21,"column":16}},"17":{"start":{"line":23,"column":0},"end":{"line":27,"column":2}}},"branchMap":{}},"/Users/Rob/Desktop/Rob/FAC/Week 4/tdd-dictionary/main.js":{"path":"/Users/Rob/Desktop/Rob/FAC/Week 4/tdd-dictionary/main.js","s":{"1":1,"2":1,"3":1,"4":1,"5":1,"6":1,"7":1,"8":1,"9":1,"10":1,"11":1,"12":1,"13":1,"14":2,"15":1,"16":1,"17":1,"18":1,"19":0,"20":1},"b":{},"f":{"1":1,"2":1,"3":1,"4":1,"5":2,"6":1,"7":0},"fnMap":{"1":{"name":"getDefinition","line":6,"loc":{"start":{"line":6,"column":0},"end":{"line":6,"column":49}}},"2":{"name":"(anonymous_2)","line":12,"loc":{"start":{"line":12,"column":35},"end":{"line":12,"column":52}}},"3":{"name":"(anonymous_3)","line":13,"loc":{"start":{"line":13,"column":27},"end":{"line":13,"column":42}}},"4":{"name":"chunkingFunc","line":21,"loc":{"start":{"line":21,"column":0},"end":{"line":21,"column":37}}},"5":{"name":"(anonymous_5)","line":23,"loc":{"start":{"line":23,"column":18},"end":{"line":23,"column":34}}},"6":{"name":"(anonymous_6)","line":26,"loc":{"start":{"line":26,"column":17},"end":{"line":26,"column":28}}},"7":{"name":"(anonymous_7)","line":30,"loc":{"start":{"line":30,"column":19},"end":{"line":30,"column":31}}}},"statementMap":{"1":{"start":{"line":2,"column":0},"end":{"line":2,"column":27}},"2":{"start":{"line":3,"column":0},"end":{"line":3,"column":41}},"3":{"start":{"line":4,"column":0},"end":{"line":4,"column":43}},"4":{"start":{"line":6,"column":0},"end":{"line":19,"column":1}},"5":{"start":{"line":7,"column":3},"end":{"line":11,"column":5}},"6":{"start":{"line":12,"column":3},"end":{"line":17,"column":6}},"7":{"start":{"line":13,"column":6},"end":{"line":16,"column":9}},"8":{"start":{"line":14,"column":9},"end":{"line":14,"column":39}},"9":{"start":{"line":15,"column":9},"end":{"line":15,"column":31}},"10":{"start":{"line":18,"column":3},"end":{"line":18,"column":13}},"11":{"start":{"line":21,"column":0},"end":{"line":33,"column":1}},"12":{"start":{"line":22,"column":3},"end":{"line":22,"column":17}},"13":{"start":{"line":23,"column":3},"end":{"line":25,"column":6}},"14":{"start":{"line":24,"column":6},"end":{"line":24,"column":20}},"15":{"start":{"line":26,"column":3},"end":{"line":29,"column":6}},"16":{"start":{"line":27,"column":6},"end":{"line":27,"column":40}},"17":{"start":{"line":28,"column":6},"end":{"line":28,"column":34}},"18":{"start":{"line":30,"column":3},"end":{"line":32,"column":6}},"19":{"start":{"line":31,"column":6},"end":{"line":31,"column":58}},"20":{"start":{"line":34,"column":0},"end":{"line":36,"column":2}}},"branchMap":{}}}