TN:
SF:/Users/Rob/Desktop/Rob/FAC/Week 4/tdd-dictionary/main2.js
FN:4,printApi
FN:7,wordImporter
FN:13,arrayMaker
FNF:3
FNH:3
FNDA:1,printApi
FNDA:1,wordImporter
FNDA:1,arrayMaker
DA:1,1
DA:2,1
DA:4,1
DA:5,1
DA:7,1
DA:8,1
DA:9,1
DA:10,1
DA:13,1
DA:14,1
DA:15,1
DA:16,1
DA:17,1
DA:18,1
DA:19,5
DA:21,1
DA:23,1
LF:17
LH:17
BRF:0
BRH:0
end_of_record
TN:
SF:/Users/Rob/Desktop/Rob/FAC/Week 4/tdd-dictionary/main.js
FN:6,getDefinition
FN:12,(anonymous_2)
FN:13,(anonymous_3)
FN:21,chunkingFunc
FN:23,(anonymous_5)
FN:26,(anonymous_6)
FN:30,(anonymous_7)
FNF:7
FNH:6
FNDA:1,getDefinition
FNDA:1,(anonymous_2)
FNDA:1,(anonymous_3)
FNDA:1,chunkingFunc
FNDA:2,(anonymous_5)
FNDA:1,(anonymous_6)
FNDA:0,(anonymous_7)
DA:2,1
DA:3,1
DA:4,1
DA:6,1
DA:7,1
DA:12,1
DA:13,1
DA:14,1
DA:15,1
DA:18,1
DA:21,1
DA:22,1
DA:23,1
DA:24,2
DA:26,1
DA:27,1
DA:28,1
DA:30,1
DA:31,0
DA:34,1
LF:20
LH:19
BRF:0
BRH:0
end_of_record
