TN:
SF:/Users/Rob/Desktop/Rob/FAC/Week 4/tdd-dictionary/main2.js
FN:7,printApi
FN:17,arrayMaker
FN:28,randomWord
FN:38,getDefinition
FN:44,(anonymous_5)
FN:45,(anonymous_6)
FN:53,chunkingFunc
FN:55,(anonymous_8)
FN:58,(anonymous_9)
FN:62,(anonymous_10)
FNF:10
FNH:9
FNDA:1,printApi
FNDA:1,arrayMaker
FNDA:1,randomWord
FNDA:1,getDefinition
FNDA:1,(anonymous_5)
FNDA:1,(anonymous_6)
FNDA:1,chunkingFunc
FNDA:2,(anonymous_8)
FNDA:1,(anonymous_9)
FNDA:0,(anonymous_10)
DA:4,1
DA:5,1
DA:7,1
DA:8,1
DA:12,1
DA:13,1
DA:14,1
DA:17,1
DA:18,1
DA:19,1
DA:20,1
DA:21,5
DA:22,5
DA:25,1
DA:28,1
DA:29,1
DA:34,1
DA:35,1
DA:36,1
DA:38,1
DA:39,1
DA:44,1
DA:45,1
DA:46,1
DA:47,1
DA:50,1
DA:53,1
DA:54,1
DA:55,1
DA:56,2
DA:58,1
DA:59,1
DA:60,1
DA:62,1
DA:63,0
DA:69,1
LF:36
LH:35
BRDA:21,1,0,5
BRDA:21,1,1,0
BRF:2
BRH:1
end_of_record
TN:
SF:/Users/Rob/Desktop/Rob/FAC/Week 4/tdd-dictionary/server.js
FN:15,handler
FN:20,(anonymous_2)
FN:23,(anonymous_3)
FN:31,(anonymous_4)
FN:35,(anonymous_5)
FN:50,(anonymous_6)
FNF:6
FNH:2
FNDA:4,handler
FNDA:0,(anonymous_2)
FNDA:0,(anonymous_3)
FNDA:0,(anonymous_4)
FNDA:0,(anonymous_5)
FNDA:1,(anonymous_6)
DA:1,1
DA:2,1
DA:3,1
DA:4,1
DA:5,1
DA:6,1
DA:7,1
DA:8,1
DA:9,1
DA:10,1
DA:12,1
DA:15,1
DA:16,4
DA:17,4
DA:18,4
DA:19,0
DA:20,0
DA:21,0
DA:23,0
DA:24,0
DA:27,0
DA:28,0
DA:29,0
DA:30,0
DA:31,0
DA:32,0
DA:35,0
DA:36,0
DA:37,0
DA:41,4
DA:42,2
DA:43,2
DA:45,2
DA:46,1
DA:47,1
DA:50,1
DA:51,1
DA:52,0
DA:53,0
DA:55,1
DA:56,1
DA:57,1
DA:65,1
DA:66,1
DA:68,1
LF:45
LH:29
BRDA:2,1,0,1
BRDA:2,1,1,1
BRDA:18,2,0,0
BRDA:18,2,1,4
BRDA:18,3,0,4
BRDA:18,3,1,0
BRDA:41,4,0,2
BRDA:41,4,1,2
BRDA:45,5,0,1
BRDA:45,5,1,1
BRDA:51,6,0,0
BRDA:51,6,1,1
BRF:12
BRH:9
end_of_record
